2023-07-28T16:03:02.533+03:00  INFO 198812 --- [restartedMain] c.m.c.ComplaintFormApplication           : Starting ComplaintFormApplication using Java 18.0.2-ea with PID 198812 (/home/mtemel/java_projects/complaintform/target/classes started by mtemel in /home/mtemel/java_projects/complaintform)
2023-07-28T16:03:02.540+03:00  INFO 198812 --- [restartedMain] c.m.c.ComplaintFormApplication           : The following 1 profile is active: "dev"
2023-07-28T16:03:02.590+03:00  INFO 198812 --- [restartedMain] .e.DevToolsPropertyDefaultsPostProcessor : Devtools property defaults active! Set 'spring.devtools.add-properties' to 'false' to disable
2023-07-28T16:03:02.590+03:00  INFO 198812 --- [restartedMain] .e.DevToolsPropertyDefaultsPostProcessor : For additional web related logging consider setting the 'logging.level.web' property to 'DEBUG'
2023-07-28T16:03:03.349+03:00  INFO 198812 --- [restartedMain] o.s.b.w.embedded.tomcat.TomcatWebServer  : Tomcat initialized with port(s): 8080 (http)
2023-07-28T16:03:03.357+03:00  INFO 198812 --- [restartedMain] o.apache.catalina.core.StandardService   : Starting service [Tomcat]
2023-07-28T16:03:03.358+03:00  INFO 198812 --- [restartedMain] o.apache.catalina.core.StandardEngine    : Starting Servlet engine: [Apache Tomcat/10.1.11]
2023-07-28T16:03:03.403+03:00  INFO 198812 --- [restartedMain] o.a.c.c.C.[Tomcat].[localhost].[/]       : Initializing Spring embedded WebApplicationContext
2023-07-28T16:03:03.404+03:00  INFO 198812 --- [restartedMain] w.s.c.ServletWebServerApplicationContext : Root WebApplicationContext: initialization completed in 813 ms
2023-07-28T16:03:03.503+03:00 DEBUG 198812 --- [restartedMain] o.s.w.f.ServerHttpObservationFilter      : Filter 'webMvcObservationFilter' configured for use
2023-07-28T16:03:03.609+03:00 DEBUG 198812 --- [restartedMain] s.w.s.m.m.a.RequestMappingHandlerAdapter : ControllerAdvice beans: 0 @ModelAttribute, 0 @InitBinder, 1 RequestBodyAdvice, 1 ResponseBodyAdvice
2023-07-28T16:03:03.661+03:00 DEBUG 198812 --- [restartedMain] s.w.s.m.m.a.RequestMappingHandlerMapping : 3 mappings in 'requestMappingHandlerMapping'
2023-07-28T16:03:03.676+03:00 DEBUG 198812 --- [restartedMain] o.s.w.s.handler.SimpleUrlHandlerMapping  : Patterns [/webjars/**, /**] in 'resourceHandlerMapping'
2023-07-28T16:03:03.683+03:00 DEBUG 198812 --- [restartedMain] .m.m.a.ExceptionHandlerExceptionResolver : ControllerAdvice beans: 0 @ExceptionHandler, 1 ResponseBodyAdvice
2023-07-28T16:03:03.843+03:00  INFO 198812 --- [restartedMain] o.s.b.d.a.OptionalLiveReloadServer       : LiveReload server is running on port 35729
2023-07-28T16:03:03.848+03:00  INFO 198812 --- [restartedMain] o.s.b.a.e.web.EndpointLinksResolver      : Exposing 15 endpoint(s) beneath base path '/actuator'
2023-07-28T16:03:03.895+03:00  INFO 198812 --- [restartedMain] o.s.b.w.embedded.tomcat.TomcatWebServer  : Tomcat started on port(s): 8080 (http) with context path ''
2023-07-28T16:03:03.910+03:00  INFO 198812 --- [restartedMain] c.m.c.ComplaintFormApplication           : Started ComplaintFormApplication in 1.7 seconds (process running for 1.968)
2023-07-28T16:16:02.366+03:00  INFO 198812 --- [http-nio-8080-exec-1] o.a.c.c.C.[Tomcat].[localhost].[/]       : Initializing Spring DispatcherServlet 'dispatcherServlet'
2023-07-28T16:16:02.366+03:00  INFO 198812 --- [http-nio-8080-exec-1] o.s.web.servlet.DispatcherServlet        : Initializing Servlet 'dispatcherServlet'
2023-07-28T16:16:02.366+03:00 DEBUG 198812 --- [http-nio-8080-exec-1] o.s.web.servlet.DispatcherServlet        : Detected StandardServletMultipartResolver
2023-07-28T16:16:02.366+03:00 DEBUG 198812 --- [http-nio-8080-exec-1] o.s.web.servlet.DispatcherServlet        : Detected AcceptHeaderLocaleResolver
2023-07-28T16:16:02.366+03:00 DEBUG 198812 --- [http-nio-8080-exec-1] o.s.web.servlet.DispatcherServlet        : Detected FixedThemeResolver
2023-07-28T16:16:02.367+03:00 DEBUG 198812 --- [http-nio-8080-exec-1] o.s.web.servlet.DispatcherServlet        : Detected org.springframework.web.servlet.view.DefaultRequestToViewNameTranslator@154950f
2023-07-28T16:16:02.368+03:00 DEBUG 198812 --- [http-nio-8080-exec-1] o.s.web.servlet.DispatcherServlet        : Detected org.springframework.web.servlet.support.SessionFlashMapManager@1897b9ea
2023-07-28T16:16:02.368+03:00 DEBUG 198812 --- [http-nio-8080-exec-1] o.s.web.servlet.DispatcherServlet        : enableLoggingRequestDetails='false': request parameters and headers will be masked to prevent unsafe logging of potentially sensitive data
2023-07-28T16:16:02.368+03:00  INFO 198812 --- [http-nio-8080-exec-1] o.s.web.servlet.DispatcherServlet        : Completed initialization in 2 ms
2023-07-28T16:16:02.380+03:00 DEBUG 198812 --- [http-nio-8080-exec-1] o.s.web.servlet.DispatcherServlet        : GET "/hello", parameters={}
2023-07-28T16:16:02.389+03:00 DEBUG 198812 --- [http-nio-8080-exec-1] o.s.w.s.handler.SimpleUrlHandlerMapping  : Mapped to ResourceHttpRequestHandler [classpath [META-INF/resources/], classpath [resources/], classpath [static/], classpath [public/], ServletContext [/]]
2023-07-28T16:16:02.390+03:00 DEBUG 198812 --- [http-nio-8080-exec-1] o.s.w.s.r.ResourceHttpRequestHandler     : Resource not found
2023-07-28T16:16:02.391+03:00 DEBUG 198812 --- [http-nio-8080-exec-1] o.s.web.servlet.DispatcherServlet        : Completed 404 NOT_FOUND
2023-07-28T16:16:02.397+03:00 DEBUG 198812 --- [http-nio-8080-exec-1] o.s.web.servlet.DispatcherServlet        : "ERROR" dispatch for GET "/error", parameters={}
2023-07-28T16:16:02.400+03:00 DEBUG 198812 --- [http-nio-8080-exec-1] s.w.s.m.m.a.RequestMappingHandlerMapping : Mapped to org.springframework.boot.autoconfigure.web.servlet.error.BasicErrorController#errorHtml(HttpServletRequest, HttpServletResponse)
2023-07-28T16:16:02.416+03:00 DEBUG 198812 --- [http-nio-8080-exec-1] o.s.w.s.v.ContentNegotiatingViewResolver : Selected 'text/html' given [text/html, text/html;q=0.8]
2023-07-28T16:16:02.421+03:00 DEBUG 198812 --- [http-nio-8080-exec-1] o.s.web.servlet.DispatcherServlet        : Exiting from "ERROR" dispatch, status 404
2023-07-28T16:16:02.557+03:00 DEBUG 198812 --- [http-nio-8080-exec-2] o.s.web.servlet.DispatcherServlet        : GET "/favicon.ico", parameters={}
2023-07-28T16:16:02.559+03:00 DEBUG 198812 --- [http-nio-8080-exec-2] o.s.w.s.handler.SimpleUrlHandlerMapping  : Mapped to ResourceHttpRequestHandler [classpath [META-INF/resources/], classpath [resources/], classpath [static/], classpath [public/], ServletContext [/]]
2023-07-28T16:16:02.560+03:00 DEBUG 198812 --- [http-nio-8080-exec-2] o.s.w.s.r.ResourceHttpRequestHandler     : Resource not found
2023-07-28T16:16:02.560+03:00 DEBUG 198812 --- [http-nio-8080-exec-2] o.s.web.servlet.DispatcherServlet        : Completed 404 NOT_FOUND
2023-07-28T16:16:02.561+03:00 DEBUG 198812 --- [http-nio-8080-exec-2] o.s.web.servlet.DispatcherServlet        : "ERROR" dispatch for GET "/error", parameters={}
2023-07-28T16:16:02.563+03:00 DEBUG 198812 --- [http-nio-8080-exec-2] s.w.s.m.m.a.RequestMappingHandlerMapping : Mapped to org.springframework.boot.autoconfigure.web.servlet.error.BasicErrorController#error(HttpServletRequest)
2023-07-28T16:16:02.575+03:00 DEBUG 198812 --- [http-nio-8080-exec-2] o.s.w.s.m.m.a.HttpEntityMethodProcessor  : Using 'application/json;q=0.8', given [image/avif, image/webp, image/apng, image/svg+xml, image/*, */*;q=0.8] and supported [application/json, application/*+json]
2023-07-28T16:16:02.576+03:00 DEBUG 198812 --- [http-nio-8080-exec-2] o.s.w.s.m.m.a.HttpEntityMethodProcessor  : Writing [{timestamp=Fri Jul 28 16:16:02 TRT 2023, status=404, error=Not Found, message=No message available,  (truncated)...]
2023-07-28T16:16:02.600+03:00 DEBUG 198812 --- [http-nio-8080-exec-2] o.s.web.servlet.DispatcherServlet        : Exiting from "ERROR" dispatch, status 404
